<?xml version="1.0" encoding="UTF-8"?>
<testng-results ignored="0" total="2" passed="2" failed="0" skipped="0">
  <reporter-output>
  </reporter-output>
  <suite started-at="2024-04-02T15:52:16 IST" name="Suite" finished-at="2024-04-02T15:52:50 IST" duration-ms="34110">
    <groups>
    </groups>
    <test started-at="2024-04-02T15:52:16 IST" name="Test" finished-at="2024-04-02T15:52:50 IST" duration-ms="34110">
      <class name="crossBrowser.cbt.parallelCBT">
        <test-method signature="secondTest()[pri:0, instance:crossBrowser.cbt.parallelCBT@618b19ad]" started-at="2024-04-02T15:52:16 IST" name="secondTest" finished-at="2024-04-02T15:52:50 IST" duration-ms="34003" status="PASS">
          <reporter-output>
          </reporter-output>
        </test-method> <!-- secondTest -->
      </class> <!-- crossBrowser.cbt.parallelCBT -->
      <class name="crossBrowser.cbt.firstCrossBrowser">
        <test-method signature="HomePageCheck()[pri:0, instance:crossBrowser.cbt.firstCrossBrowser@78691363]" started-at="2024-04-02T15:52:16 IST" name="HomePageCheck" finished-at="2024-04-02T15:52:48 IST" duration-ms="32438" status="PASS">
          <reporter-output>
          </reporter-output>
        </test-method> <!-- HomePageCheck -->
      </class> <!-- crossBrowser.cbt.firstCrossBrowser -->
    </test> <!-- Test -->
  </suite> <!-- Suite -->
</testng-results>
