<?xml version="1.0" encoding="UTF-8"?>
<testng-results ignored="0" total="2" passed="2" failed="0" skipped="0">
  <reporter-output>
  </reporter-output>
  <suite started-at="2024-04-17T17:35:45 IST" name="Suite" finished-at="2024-04-17T17:35:54 IST" duration-ms="9236">
    <groups>
    </groups>
    <test started-at="2024-04-17T17:35:45 IST" name="Test" finished-at="2024-04-17T17:35:54 IST" duration-ms="9236">
      <class name="crossBrowser.cbt.parallelCBT">
        <test-method signature="secondTest()[pri:0, instance:crossBrowser.cbt.parallelCBT@46cdf8bd]" started-at="2024-04-17T17:35:45 IST" name="secondTest" finished-at="2024-04-17T17:35:53 IST" duration-ms="7887" status="PASS">
          <reporter-output>
          </reporter-output>
        </test-method> <!-- secondTest -->
      </class> <!-- crossBrowser.cbt.parallelCBT -->
      <class name="crossBrowser.cbt.firstCrossBrowser">
        <test-method signature="HomePageCheck()[pri:0, instance:crossBrowser.cbt.firstCrossBrowser@791f145a]" started-at="2024-04-17T17:35:45 IST" name="HomePageCheck" finished-at="2024-04-17T17:35:54 IST" duration-ms="9148" status="PASS">
          <reporter-output>
          </reporter-output>
        </test-method> <!-- HomePageCheck -->
      </class> <!-- crossBrowser.cbt.firstCrossBrowser -->
    </test> <!-- Test -->
  </suite> <!-- Suite -->
</testng-results>
